生成启动时间为 2016-7-26 11:43:11。
     1>项目“D:\新建文件夹 (2)\新建文件夹\example\example\example.vcxproj”在节点 2 上(build 个目标)。
     1>InitializeBuildStatus:
         正在创建“Debug\example.unsuccessfulbuild”，因为已指定“AlwaysCreate”。
       ClCompile:
         所有输出均为最新。
         c:\Program Files\Microsoft Visual Studio 10.0\VC\bin\CL.exe /c /ZI /nologo /W3 /WX- /Od /Oy- /D WIN32 /D _WINDOWS /D _DEBUG /D _UNICODE /D UNICODE /D _AFXDLL /Gm /EHsc /RTC1 /MDd /GS /fp:precise /Zc:wchar_t /Zc:forScope /Yu"StdAfx.h" /Fp"Debug\example.pch" /Fo"Debug\\" /Fd"Debug\vc100.pdb" /Gd /TP /analyze- /errorReport:prompt exampleDlg.cpp
         exampleDlg.cpp
     1>d:\新建文件夹 (2)\新建文件夹\example\example\exampledlg.cpp(183): warning C4244: “=”: 从“ULONGLONG”转换到“int”，可能丢失数据
     1>d:\新建文件夹 (2)\新建文件夹\example\example\exampledlg.cpp(184): warning C4244: “=”: 从“ULONGLONG”转换到“int”，可能丢失数据
     1>d:\新建文件夹 (2)\新建文件夹\example\example\exampledlg.cpp(186): warning C4244: “参数”: 从“ULONGLONG”转换到“UINT”，可能丢失数据
     1>d:\新建文件夹 (2)\新建文件夹\example\example\exampledlg.cpp(238): warning C4244: “=”: 从“double”转换到“unsigned char”，可能丢失数据
       ResourceCompile:
         所有输出均为最新。
       ManifestResourceCompile:
         所有输出均为最新。
       Link:
         c:\Program Files\Microsoft Visual Studio 10.0\VC\bin\link.exe /ERRORREPORT:PROMPT /OUT:"D:\新建文件夹 (2)\新建文件夹\example\Debug\example.exe" /INCREMENTAL /NOLOGO /MANIFEST /ManifestFile:"Debug\example.exe.intermediate.manifest" /MANIFESTUAC:"level='asInvoker' uiAccess='false'" /DEBUG /PDB:"D:\新建文件夹 (2)\新建文件夹\example\Debug\example.pdb" /SUBSYSTEM:WINDOWS /TLBID:1 /ENTRY:"wWinMainCRTStartup" /DYNAMICBASE /NXCOMPAT /IMPLIB:"D:\新建文件夹 (2)\新建文件夹\example\Debug\example.lib" /MACHINE:X86 Debug\example.res
         Debug\example.exe.embed.manifest.res
         Debug\example.obj
         Debug\exampleDlg.obj
         Debug\stdafx.obj
       Manifest:
         c:\Program Files\Microsoft SDKs\Windows\v7.0A\bin\mt.exe /nologo /verbose /out:"Debug\example.exe.embed.manifest" /manifest Debug\example.exe.intermediate.manifest "c:\Program Files\Microsoft Visual Studio 10.0\VC\Include\Manifest\dpiaware.manifest"
         所有输出均为最新。
       LinkEmbedManifest:
         所有输出均为最新。
         example.vcxproj -> D:\新建文件夹 (2)\新建文件夹\example\Debug\example.exe
       FinalizeBuildStatus:
         正在删除文件“Debug\example.unsuccessfulbuild”。
         正在对“Debug\example.lastbuildstate”执行 Touch 任务。
     1>已完成生成项目“D:\新建文件夹 (2)\新建文件夹\example\example\example.vcxproj”(build 个目标)的操作。

生成成功。

已用时间 00:00:00.32
