生成启动时间为 2016-7-26 14:36:19。
     1>项目“D:\新建文件夹 (2)\day5\sample4\sample4\sample4.vcxproj”在节点 2 上(build 个目标)。
     1>InitializeBuildStatus:
         正在创建“Debug\sample4.unsuccessfulbuild”，因为已指定“AlwaysCreate”。
       ClCompile:
         所有输出均为最新。
         所有输出均为最新。
       ResourceCompile:
         所有输出均为最新。
       ManifestResourceCompile:
         所有输出均为最新。
       Link:
         所有输出均为最新。
       Manifest:
         c:\Program Files\Microsoft SDKs\Windows\v7.0A\bin\mt.exe /nologo /verbose /out:"Debug\sample4.exe.embed.manifest" /manifest Debug\sample4.exe.intermediate.manifest "c:\Program Files\Microsoft Visual Studio 10.0\VC\Include\Manifest\dpiaware.manifest"
         所有输出均为最新。
       FinalizeBuildStatus:
         正在删除文件“Debug\sample4.unsuccessfulbuild”。
         正在对“Debug\sample4.lastbuildstate”执行 Touch 任务。
     1>已完成生成项目“D:\新建文件夹 (2)\day5\sample4\sample4\sample4.vcxproj”(build 个目标)的操作。

生成成功。

已用时间 00:00:00.09
